CRITICAL - 2024-02-29 00:42:26 --> Invalid file: footer.php
#0 C:\xampp\htdocs\winsen\system\View\View.php(198): CodeIgniter\Exceptions\FrameworkException::forInvalidFile('footer.php')
#1 C:\xampp\htdocs\winsen\system\Common.php(1089): CodeIgniter\View\View->render('footer', Array, true)
#2 C:\xampp\htdocs\winsen\app\Controllers\Home.php(11): view('footer')
#3 C:\xampp\htdocs\winsen\system\CodeIgniter.php(832): App\Controllers\Home->index()
#4 C:\xampp\htdocs\winsen\system\CodeIgniter.php(419): CodeIgniter\CodeIgniter->runController(Object(App\Controllers\Home))
#5 C:\xampp\htdocs\winsen\system\CodeIgniter.php(326): CodeIgniter\CodeIgniter->handleRequest(NULL, Object(Config\Cache), false)
#6 C:\xampp\htdocs\winsen\public\index.php(37): CodeIgniter\CodeIgniter->run()
#7 C:\xampp\htdocs\winsen\system\Commands\Server\rewrite.php(43): require_once('C:\\xampp\\htdocs...')
#8 {main}
ERROR - 2024-02-29 06:54:10 --> Unknown column 'jumlah' in 'field list'
CRITICAL - 2024-02-29 06:58:42 --> Cannot redeclare App\Controllers\Home::hapus_pekerja()
#0 [internal function]: CodeIgniter\Debug\Exceptions->shutdownHandler()
#1 {main}
CRITICAL - 2024-02-29 07:06:45 --> Cannot redeclare App\Controllers\Home::index()
#0 [internal function]: CodeIgniter\Debug\Exceptions->shutdownHandler()
#1 {main}
CRITICAL - 2024-02-29 07:28:06 --> syntax error, unexpected '||' (T_BOOLEAN_OR)
#0 C:\xampp\htdocs\winsen\system\View\View.php(213): CodeIgniter\View\View->CodeIgniter\View\{closure}()
#1 C:\xampp\htdocs\winsen\system\Common.php(1089): CodeIgniter\View\View->render('menu', Array, true)
#2 C:\xampp\htdocs\winsen\app\Controllers\Home.php(100): view('menu')
#3 C:\xampp\htdocs\winsen\system\CodeIgniter.php(832): App\Controllers\Home->dashboard()
#4 C:\xampp\htdocs\winsen\system\CodeIgniter.php(419): CodeIgniter\CodeIgniter->runController(Object(App\Controllers\Home))
#5 C:\xampp\htdocs\winsen\system\CodeIgniter.php(326): CodeIgniter\CodeIgniter->handleRequest(NULL, Object(Config\Cache), false)
#6 C:\xampp\htdocs\winsen\public\index.php(37): CodeIgniter\CodeIgniter->run()
#7 C:\xampp\htdocs\winsen\system\Commands\Server\rewrite.php(43): require_once('C:\\xampp\\htdocs...')
#8 {main}
CRITICAL - 2024-02-29 07:28:16 --> syntax error, unexpected '||' (T_BOOLEAN_OR)
#0 C:\xampp\htdocs\winsen\system\View\View.php(213): CodeIgniter\View\View->CodeIgniter\View\{closure}()
#1 C:\xampp\htdocs\winsen\system\Common.php(1089): CodeIgniter\View\View->render('menu', Array, true)
#2 C:\xampp\htdocs\winsen\app\Controllers\Home.php(100): view('menu')
#3 C:\xampp\htdocs\winsen\system\CodeIgniter.php(832): App\Controllers\Home->dashboard()
#4 C:\xampp\htdocs\winsen\system\CodeIgniter.php(419): CodeIgniter\CodeIgniter->runController(Object(App\Controllers\Home))
#5 C:\xampp\htdocs\winsen\system\CodeIgniter.php(326): CodeIgniter\CodeIgniter->handleRequest(NULL, Object(Config\Cache), false)
#6 C:\xampp\htdocs\winsen\public\index.php(37): CodeIgniter\CodeIgniter->run()
#7 C:\xampp\htdocs\winsen\system\Commands\Server\rewrite.php(43): require_once('C:\\xampp\\htdocs...')
#8 {main}
CRITICAL - 2024-02-29 07:28:23 --> syntax error, unexpected '||' (T_BOOLEAN_OR)
#0 C:\xampp\htdocs\winsen\system\View\View.php(213): CodeIgniter\View\View->CodeIgniter\View\{closure}()
#1 C:\xampp\htdocs\winsen\system\Common.php(1089): CodeIgniter\View\View->render('menu', Array, true)
#2 C:\xampp\htdocs\winsen\app\Controllers\Home.php(100): view('menu')
#3 C:\xampp\htdocs\winsen\system\CodeIgniter.php(832): App\Controllers\Home->dashboard()
#4 C:\xampp\htdocs\winsen\system\CodeIgniter.php(419): CodeIgniter\CodeIgniter->runController(Object(App\Controllers\Home))
#5 C:\xampp\htdocs\winsen\system\CodeIgniter.php(326): CodeIgniter\CodeIgniter->handleRequest(NULL, Object(Config\Cache), false)
#6 C:\xampp\htdocs\winsen\public\index.php(37): CodeIgniter\CodeIgniter->run()
#7 C:\xampp\htdocs\winsen\system\Commands\Server\rewrite.php(43): require_once('C:\\xampp\\htdocs...')
#8 {main}
CRITICAL - 2024-02-29 07:28:28 --> syntax error, unexpected '||' (T_BOOLEAN_OR)
#0 C:\xampp\htdocs\winsen\system\View\View.php(213): CodeIgniter\View\View->CodeIgniter\View\{closure}()
#1 C:\xampp\htdocs\winsen\system\Common.php(1089): CodeIgniter\View\View->render('menu', Array, true)
#2 C:\xampp\htdocs\winsen\app\Controllers\Home.php(100): view('menu')
#3 C:\xampp\htdocs\winsen\system\CodeIgniter.php(832): App\Controllers\Home->dashboard()
#4 C:\xampp\htdocs\winsen\system\CodeIgniter.php(419): CodeIgniter\CodeIgniter->runController(Object(App\Controllers\Home))
#5 C:\xampp\htdocs\winsen\system\CodeIgniter.php(326): CodeIgniter\CodeIgniter->handleRequest(NULL, Object(Config\Cache), false)
#6 C:\xampp\htdocs\winsen\public\index.php(37): CodeIgniter\CodeIgniter->run()
#7 C:\xampp\htdocs\winsen\system\Commands\Server\rewrite.php(43): require_once('C:\\xampp\\htdocs...')
#8 {main}
